[DEBUG][21-03-01][org.apache.ibatis.logging.LogFactory]Logging initialized using 'class org.apache.ibatis.logging.log4j.Log4jImpl' adapter.
[DEBUG][21-03-01][org.apache.ibatis.logging.LogFactory]Logging initialized using 'class org.apache.ibatis.logging.log4j.Log4jImpl' adapter.
[DEBUG][21-03-01][org.apache.ibatis.datasource.pooled.PooledDataSource]PooledDataSource forcefully closed/removed all connections.
[DEBUG][21-03-01][org.apache.ibatis.datasource.pooled.PooledDataSource]PooledDataSource forcefully closed/removed all connections.
[DEBUG][21-03-01][org.apache.ibatis.datasource.pooled.PooledDataSource]PooledDataSource forcefully closed/removed all connections.
[DEBUG][21-03-01][org.apache.ibatis.datasource.pooled.PooledDataSource]PooledDataSource forcefully closed/removed all connections.
[DEBUG][21-03-01][org.apache.ibatis.transaction.jdbc.JdbcTransaction]Opening JDBC Connection
[DEBUG][21-03-01][org.apache.ibatis.datasource.pooled.PooledDataSource]Created connection 667026744.
[DEBUG][21-03-01][com.yuan.dao.TeacherMapper.getTeacher]==>  Preparing: select * from teacher where id = ? 
[DEBUG][21-03-01][com.yuan.dao.TeacherMapper.getTeacher]==> Parameters: 1(Integer)
[DEBUG][21-03-01][com.yuan.dao.TeacherMapper.getTeacher]<==      Total: 1
[DEBUG][21-03-01][org.apache.ibatis.transaction.jdbc.JdbcTransaction]Closing JDBC Connection [com.mysql.jdbc.JDBC4Connection@27c20538]
[DEBUG][21-03-01][org.apache.ibatis.datasource.pooled.PooledDataSource]Returned connection 667026744 to pool.
[DEBUG][21-03-01][org.apache.ibatis.logging.LogFactory]Logging initialized using 'class org.apache.ibatis.logging.log4j.Log4jImpl' adapter.
[DEBUG][21-03-01][org.apache.ibatis.logging.LogFactory]Logging initialized using 'class org.apache.ibatis.logging.log4j.Log4jImpl' adapter.
[DEBUG][21-03-01][org.apache.ibatis.datasource.pooled.PooledDataSource]PooledDataSource forcefully closed/removed all connections.
[DEBUG][21-03-01][org.apache.ibatis.datasource.pooled.PooledDataSource]PooledDataSource forcefully closed/removed all connections.
[DEBUG][21-03-01][org.apache.ibatis.datasource.pooled.PooledDataSource]PooledDataSource forcefully closed/removed all connections.
[DEBUG][21-03-01][org.apache.ibatis.datasource.pooled.PooledDataSource]PooledDataSource forcefully closed/removed all connections.
[DEBUG][21-03-01][org.apache.ibatis.transaction.jdbc.JdbcTransaction]Opening JDBC Connection
[DEBUG][21-03-01][org.apache.ibatis.datasource.pooled.PooledDataSource]Created connection 667026744.
[DEBUG][21-03-01][com.yuan.dao.TeacherMapper.getTeacher]==>  Preparing: select * from teacher where id = ? 
[DEBUG][21-03-01][com.yuan.dao.TeacherMapper.getTeacher]==> Parameters: 1(Integer)
[DEBUG][21-03-01][com.yuan.dao.TeacherMapper.getTeacher]<==      Total: 1
[DEBUG][21-03-01][org.apache.ibatis.transaction.jdbc.JdbcTransaction]Closing JDBC Connection [com.mysql.jdbc.JDBC4Connection@27c20538]
[DEBUG][21-03-01][org.apache.ibatis.datasource.pooled.PooledDataSource]Returned connection 667026744 to pool.
